Using pre-set license
Built from '2023.2/release' branch; Version is '2023.2.4f1 (3a7eb0602d92) revision 3833520'; Using compiler version '193431935'; Build Type 'Release'
OS: 'Windows 11  (10.0.22621) 64bit Core' Language: 'en' Physical Memory: 16068 MB
BatchMode: 1, IsHumanControllingUs: 0, StartBugReporterOnCrash: 0, Is64bit: 1, IsPro: 1

COMMAND LINE ARGUMENTS:
C:\Program Files\Unity\Hub\Editor\2023.2.4f1\Editor\Unity.exe
-adb2
-batchMode
-noUpm
-name
AssetImportWorker14
-projectPath
C:/Unity Projects/IntermediateGraphicsTutorials/DemoScenes2
-logFile
Logs/AssetImportWorker14.log
-srvPort
64399
-job-worker-count
9
-background-job-worker-count
8
-asset-garbage-collectors
1
Successfully changed project path to: C:/Unity Projects/IntermediateGraphicsTutorials/DemoScenes2
C:/Unity Projects/IntermediateGraphicsTutorials/DemoScenes2
[UnityMemory] Configuration Parameters - Can be set up in boot.config
    "memorysetup-bucket-allocator-granularity=16"
    "memorysetup-bucket-allocator-bucket-count=8"
    "memorysetup-bucket-allocator-block-size=33554432"
    "memorysetup-bucket-allocator-block-count=8"
    "memorysetup-main-allocator-block-size=16777216"
    "memorysetup-thread-allocator-block-size=16777216"
    "memorysetup-gfx-main-allocator-block-size=16777216"
    "memorysetup-gfx-thread-allocator-block-size=16777216"
    "memorysetup-cache-allocator-block-size=4194304"
    "memorysetup-typetree-allocator-block-size=2097152"
    "memorysetup-profiler-bucket-allocator-granularity=16"
    "memorysetup-profiler-bucket-allocator-bucket-count=8"
    "memorysetup-profiler-bucket-allocator-block-size=33554432"
    "memorysetup-profiler-bucket-allocator-block-count=8"
    "memorysetup-profiler-allocator-block-size=16777216"
    "memorysetup-profiler-editor-allocator-block-size=1048576"
    "memorysetup-temp-allocator-size-main=16777216"
    "memorysetup-job-temp-allocator-block-size=2097152"
    "memorysetup-job-temp-allocator-block-size-background=1048576"
    "memorysetup-job-temp-allocator-reduction-small-platforms=262144"
    "memorysetup-allocator-temp-initial-block-size-main=262144"
    "memorysetup-allocator-temp-initial-block-size-worker=262144"
    "memorysetup-temp-allocator-size-background-worker=32768"
    "memorysetup-temp-allocator-size-job-worker=262144"
    "memorysetup-temp-allocator-size-preload-manager=33554432"
    "memorysetup-temp-allocator-size-nav-mesh-worker=65536"
    "memorysetup-temp-allocator-size-audio-worker=65536"
    "memorysetup-temp-allocator-size-cloud-worker=32768"
    "memorysetup-temp-allocator-size-gi-baking-worker=262144"
    "memorysetup-temp-allocator-size-gi-baking-worker=262144"
    "memorysetup-temp-allocator-size-gi-baking-worker=262144"
    "memorysetup-temp-allocator-size-gi-baking-worker=262144"
    "memorysetup-temp-allocator-size-gfx=262144"
Player connection [29360] Host "[IP] 10.190.12.200 [Port] 0 [Flags] 2 [Guid] 907436534 [EditorId] 907436534 [Version] 1048832 [Id] WindowsEditor(7,GreatBrick) [Debug] 1 [PackageName] WindowsEditor [ProjectName] Editor" joined multi-casting on [225.0.0.222:54997]...
Player connection [29360] Host "[IP] 10.190.12.200 [Port] 0 [Flags] 2 [Guid] 907436534 [EditorId] 907436534 [Version] 1048832 [Id] WindowsEditor(7,GreatBrick) [Debug] 1 [PackageName] WindowsEditor [ProjectName] Editor" joined alternative multi-casting on [225.0.0.222:34997]...
JobSystem: Creating JobQueue using job-worker-count value 9
[Physics::Module] Initialized MultithreadedJobDispatcher with 9 workers.
Library Redirect Path: Library/
Refreshing native plugins compatible for Editor in 0.76 ms, found 3 plugins.
Preloading 0 native plugins for Editor in 0.00 ms.
Initialize engine version: 2023.2.4f1 (3a7eb0602d92)
[Subsystems] Discovering subsystems at path C:/Program Files/Unity/Hub/Editor/2023.2.4f1/Editor/Data/Resources/UnitySubsystems
[Subsystems] Discovering subsystems at path C:/Unity Projects/IntermediateGraphicsTutorials/DemoScenes2/Assets
GfxDevice: creating device client; kGfxThreadingModeNonThreaded
Direct3D:
    Version:  Direct3D 11.0 [level 11.1]
    Renderer: NVIDIA GeForce RTX 3070 Ti Laptop GPU (ID=0x24a0)
    Vendor:   NVIDIA
    VRAM:     8032 MB
    Driver:   31.0.15.3667
Initialize mono
Mono path[0] = 'C:/Program Files/Unity/Hub/Editor/2023.2.4f1/Editor/Data/Managed'
Mono path[1] = 'C:/Program Files/Unity/Hub/Editor/2023.2.4f1/Editor/Data/MonoBleedingEdge/lib/mono/unityjit-win32'
Mono config path = 'C:/Program Files/Unity/Hub/Editor/2023.2.4f1/Editor/Data/MonoBleedingEdge/etc'
Using monoOptions --debugger-agent=transport=dt_socket,embedding=1,server=y,suspend=n,address=127.0.0.1:56316
Begin MonoManager ReloadAssembly
C:\build\output\Unity-Technologies\mono\mono\metadata\icall.c:1842:
C:\build\output\Unity-Technologies\mono\mono\metadata\icall.c:1842:
C:\build\output\Unity-Technologies\mono\mono\metadata\icall.c:1842:
C:\build\output\Unity-Technologies\mono\mono\metadata\icall.c:1842:
C:\build\output\Unity-Technologies\mono\mono\metadata\icall.c:1842:
C:\build\output\Unity-Technologies\mono\mono\metadata\icall.c:1842:
C:\build\output\Unity-Technologies\mono\mono\metadata\icall.c:1842:
C:\build\output\Unity-Technologies\mono\mono\metadata\icall.c:1842:
C:\build\output\Unity-Technologies\mono\mono\metadata\icall.c:1842:
C:\build\output\Unity-Technologies\mono\mono\metadata\icall.c:1842:
Registering precompiled unity dll's ...
Register platform support module: C:/Program Files/Unity/Hub/Editor/2023.2.4f1/Editor/Data/PlaybackEngines/WebGLSupport/UnityEditor.WebGL.Extensions.dll
Register platform support module: C:/Program Files/Unity/Hub/Editor/2023.2.4f1/Editor/Data/PlaybackEngines/WindowsStandaloneSupport/UnityEditor.WindowsStandalone.Extensions.dll
Register platform support module: C:/Program Files/Unity/Hub/Editor/2023.2.4f1/Editor/Data/PlaybackEngines/MetroSupport/UnityEditor.UWP.Extensions.dll
Registered in 0.003522 seconds.
- Loaded All Assemblies, in  0.308 seconds
Native extension for UWP target not found
Native extension for WindowsStandalone target not found
Native extension for WebGL target not found
Mono: successfully reloaded assembly
C:\build\output\Unity-Technologies\mono\mono\metadata\icall.c:1842:
C:\build\output\Unity-Technologies\mono\mono\metadata\icall.c:1842:
- Finished resetting the current domain, in  0.229 seconds
Domain Reload Profiling: 536ms
	BeginReloadAssembly (102ms)
		ExecutionOrderSort (0ms)
		DisableScriptedObjects (0ms)
		BackupInstance (0ms)
		ReleaseScriptingObjects (0ms)
		CreateAndSetChildDomain (1ms)
	RebuildCommonClasses (27ms)
	RebuildNativeTypeToScriptingClass (10ms)
	initialDomainReloadingComplete (41ms)
	LoadAllAssembliesAndSetupDomain (127ms)
		LoadAssemblies (100ms)
		RebuildTransferFunctionScriptingTraits (0ms)
		AnalyzeDomain (125ms)
			TypeCache.Refresh (124ms)
				TypeCache.ScanAssembly (113ms)
			BuildScriptInfoCaches (0ms)
			ResolveRequiredComponents (0ms)
	FinalizeReload (229ms)
		ReleaseScriptCaches (0ms)
		RebuildScriptCaches (0ms)
		SetupLoadedEditorAssemblies (187ms)
			LogAssemblyErrors (0ms)
			InitializePlatformSupportModulesInManaged (8ms)
			SetLoadedEditorAssemblies (3ms)
			BeforeProcessingInitializeOnLoad (6ms)
			ProcessInitializeOnLoadAttributes (137ms)
			ProcessInitializeOnLoadMethodAttributes (33ms)
			AfterProcessingInitializeOnLoad (0ms)
			EditorAssembliesLoaded (0ms)
		ExecutionOrderSort2 (0ms)
		AwakeInstancesAfterBackupRestoration (0ms)
========================================================================
Worker process is ready to serve import requests
Import Worker Mode flag is 0x00
Begin MonoManager ReloadAssembly
C:\build\output\Unity-Technologies\mono\mono\metadata\icall.c:1842:
C:\build\output\Unity-Technologies\mono\mono\metadata\icall.c:1842:
C:\build\output\Unity-Technologies\mono\mono\metadata\icall.c:1842:
C:\build\output\Unity-Technologies\mono\mono\metadata\icall.c:1842:
C:\build\output\Unity-Technologies\mono\mono\metadata\icall.c:1842:
C:\build\output\Unity-Technologies\mono\mono\metadata\icall.c:1842:
C:\build\output\Unity-Technologies\mono\mono\metadata\icall.c:1842:
C:\build\output\Unity-Technologies\mono\mono\metadata\icall.c:1842:
C:\build\output\Unity-Technologies\mono\mono\metadata\icall.c:1842:
C:\build\output\Unity-Technologies\mono\mono\metadata\icall.c:1842:
C:\build\output\Unity-Technologies\mono\mono\metadata\icall.c:1842:
C:\build\output\Unity-Technologies\mono\mono\metadata\icall.c:1842:
Symbol file LoadedFromMemory doesn't match image C:\Unity Projects\IntermediateGraphicsTutorials\DemoScenes2\Library\PackageCache\com.unity.visualscripting@1.8.0\Editor\VisualScripting.Core\Dependencies\YamlDotNet\Unity.VisualScripting.YamlDotNet.dll
Symbol file LoadedFromMemory doesn't match image C:\Unity Projects\IntermediateGraphicsTutorials\DemoScenes2\Library\PackageCache\com.unity.visualscripting@1.8.0\Editor\VisualScripting.Core\Dependencies\DotNetZip\Unity.VisualScripting.IonicZip.dll
- Loaded All Assemblies, in  0.709 seconds
Refreshing native plugins compatible for Editor in 0.54 ms, found 3 plugins.
Native extension for UWP target not found
Native extension for WindowsStandalone target not found
Native extension for WebGL target not found
Mono: successfully reloaded assembly
- Finished resetting the current domain, in  0.538 seconds
Domain Reload Profiling: 1244ms
	BeginReloadAssembly (266ms)
		ExecutionOrderSort (0ms)
		DisableScriptedObjects (4ms)
		BackupInstance (0ms)
		ReleaseScriptingObjects (0ms)
		CreateAndSetChildDomain (25ms)
	RebuildCommonClasses (26ms)
	RebuildNativeTypeToScriptingClass (9ms)
	initialDomainReloadingComplete (31ms)
	LoadAllAssembliesAndSetupDomain (374ms)
		LoadAssemblies (284ms)
		RebuildTransferFunctionScriptingTraits (0ms)
		AnalyzeDomain (162ms)
			TypeCache.Refresh (128ms)
				TypeCache.ScanAssembly (115ms)
			BuildScriptInfoCaches (24ms)
			ResolveRequiredComponents (8ms)
	FinalizeReload (539ms)
		ReleaseScriptCaches (0ms)
		RebuildScriptCaches (0ms)
		SetupLoadedEditorAssemblies (321ms)
			LogAssemblyErrors (0ms)
			InitializePlatformSupportModulesInManaged (2ms)
			SetLoadedEditorAssemblies (3ms)
			BeforeProcessingInitializeOnLoad (42ms)
			ProcessInitializeOnLoadAttributes (244ms)
			ProcessInitializeOnLoadMethodAttributes (26ms)
			AfterProcessingInitializeOnLoad (3ms)
			EditorAssembliesLoaded (0ms)
		ExecutionOrderSort2 (0ms)
		AwakeInstancesAfterBackupRestoration (6ms)
Launched and connected shader compiler UnityShaderCompiler.exe after 0.01 seconds
Refreshing native plugins compatible for Editor in 0.46 ms, found 3 plugins.
Preloading 0 native plugins for Editor in 0.00 ms.
Unloading 195 Unused Serialized files (Serialized files now loaded: 0)
Unloading 5243 unused Assets / (5.6 MB). Loaded Objects now: 5917.
Memory consumption went from 187.8 MB to 182.2 MB.
Total: 6.157100 ms (FindLiveObjects: 0.423300 ms CreateObjectMapping: 0.435700 ms MarkObjects: 3.149800 ms  DeleteObjects: 2.147400 ms)

========================================================================
Received Import Request.
  Time since last request: 452065.702821 seconds.
  path: Assets/Scene3Assets/BASE-Link/Wii U - The Legend of Zelda Breath of the Wild - Link/materials/Mt_Eyeball_L.mat
  artifactKey: Guid(53bd355ca2307466c87da88a341c6252) Importer(815301076,1909f56bfc062723c751e8b465ee728b)
Start importing Assets/Scene3Assets/BASE-Link/Wii U - The Legend of Zelda Breath of the Wild - Link/materials/Mt_Eyeball_L.mat using Guid(53bd355ca2307466c87da88a341c6252) Importer(815301076,1909f56bfc062723c751e8b465ee728b) (PreviewImporter) -> (artifact id: '03171a2147e7dbbda7a7e1e4989e2461') in 0.3123012 seconds
Number of updated asset objects reloaded before import = 0Number of asset objects unloaded after import = 39

========================================================================
Received Import Request.
  Time since last request: 1387.240131 seconds.
  path: Assets/Scene3Assets/BASE-Link/Hero of the Sky Set/materials/Mt_Hair_215.mat
  artifactKey: Guid(0822e37dd90d840ceb412a9d52d5a871) Importer(815301076,1909f56bfc062723c751e8b465ee728b)
Start importing Assets/Scene3Assets/BASE-Link/Hero of the Sky Set/materials/Mt_Hair_215.mat using Guid(0822e37dd90d840ceb412a9d52d5a871) Importer(815301076,1909f56bfc062723c751e8b465ee728b) (PreviewImporter) -> (artifact id: 'ce96f9f61c21e60a74a7100dc6774662') in 0.2395722 seconds
Number of updated asset objects reloaded before import = 0Number of asset objects unloaded after import = 28

========================================================================
Received Import Request.
  Time since last request: 0.000030 seconds.
  path: Assets/Scene3Assets/BASE-Link/Hero of the Sky Set/materials/Mt_Lower_215.mat
  artifactKey: Guid(d6d7b08cfc9844f6a9f0c70ae4d50c5a) Importer(815301076,1909f56bfc062723c751e8b465ee728b)
Start importing Assets/Scene3Assets/BASE-Link/Hero of the Sky Set/materials/Mt_Lower_215.mat using Guid(d6d7b08cfc9844f6a9f0c70ae4d50c5a) Importer(815301076,1909f56bfc062723c751e8b465ee728b) (PreviewImporter) -> (artifact id: '8b1be0e65678452430410147313d2696') in 0.0180558 seconds
Number of updated asset objects reloaded before import = 0Number of asset objects unloaded after import = 27

========================================================================
Received Import Request.
  Time since last request: 0.000030 seconds.
  path: Assets/Scene3Assets/BASE-Link/Hero of the Sky Set/materials/Mt_Hair_215 Variant.mat
  artifactKey: Guid(0ebdc100d9e754392ae909a9d204a9a9) Importer(815301076,1909f56bfc062723c751e8b465ee728b)
Start importing Assets/Scene3Assets/BASE-Link/Hero of the Sky Set/materials/Mt_Hair_215 Variant.mat using Guid(0ebdc100d9e754392ae909a9d204a9a9) Importer(815301076,1909f56bfc062723c751e8b465ee728b) (PreviewImporter) -> (artifact id: '46ac53d7b0b705e71c856f333186ec0a') in 0.0115542 seconds
Number of updated asset objects reloaded before import = 0Number of asset objects unloaded after import = 29

========================================================================
Received Import Request.
  Time since last request: 0.000021 seconds.
  path: Assets/Scene3Assets/BASE-Link/Hero of the Sky Set/materials/Mt_Mant.mat
  artifactKey: Guid(d91ad56c5d7c84a4b9e1019f935aeb0c) Importer(815301076,1909f56bfc062723c751e8b465ee728b)
Start importing Assets/Scene3Assets/BASE-Link/Hero of the Sky Set/materials/Mt_Mant.mat using Guid(d91ad56c5d7c84a4b9e1019f935aeb0c) Importer(815301076,1909f56bfc062723c751e8b465ee728b) (PreviewImporter) -> (artifact id: '0e662eb453fff087fd60e66fb1c5d2d2') in 0.0270059 seconds
Number of updated asset objects reloaded before import = 0Number of asset objects unloaded after import = 28

========================================================================
Received Import Request.
  Time since last request: 0.000021 seconds.
  path: Assets/Scene3Assets/BASE-Link/Hero of the Sky Set/materials/Mt_Mant_B.mat
  artifactKey: Guid(6a68b3d1a4fad4e6b897e69f7fd128c7) Importer(815301076,1909f56bfc062723c751e8b465ee728b)
Start importing Assets/Scene3Assets/BASE-Link/Hero of the Sky Set/materials/Mt_Mant_B.mat using Guid(6a68b3d1a4fad4e6b897e69f7fd128c7) Importer(815301076,1909f56bfc062723c751e8b465ee728b) (PreviewImporter) -> (artifact id: '7a08f7ea9e126e9d7f23f424e8e73de0') in 0.017525 seconds
Number of updated asset objects reloaded before import = 0Number of asset objects unloaded after import = 28

========================================================================
Received Import Request.
  Time since last request: 2.508204 seconds.
  path: Assets/Scene3Assets/BASE-Link/Hero of the Sky Set/materials/Mt_Hair_215.mat
  artifactKey: Guid(0822e37dd90d840ceb412a9d52d5a871) Importer(815301076,1909f56bfc062723c751e8b465ee728b)
Start importing Assets/Scene3Assets/BASE-Link/Hero of the Sky Set/materials/Mt_Hair_215.mat using Guid(0822e37dd90d840ceb412a9d52d5a871) Importer(815301076,1909f56bfc062723c751e8b465ee728b) (PreviewImporter) -> (artifact id: 'dd4f29e57b1b69f7ecc53c739b77bb1d') in 0.4493367 seconds
Number of updated asset objects reloaded before import = 1Number of asset objects unloaded after import = 28

========================================================================
Received Import Request.
  Time since last request: 0.000031 seconds.
  path: Assets/Scene3Assets/BASE-Link/Hero of the Sky Set/materials/Mt_Hair_215 Variant.mat
  artifactKey: Guid(0ebdc100d9e754392ae909a9d204a9a9) Importer(815301076,1909f56bfc062723c751e8b465ee728b)
Start importing Assets/Scene3Assets/BASE-Link/Hero of the Sky Set/materials/Mt_Hair_215 Variant.mat using Guid(0ebdc100d9e754392ae909a9d204a9a9) Importer(815301076,1909f56bfc062723c751e8b465ee728b) (PreviewImporter) -> (artifact id: '65b8b2046976ab60529ba5fd8347c535') in 0.0219596 seconds
Number of updated asset objects reloaded before import = 0Number of asset objects unloaded after import = 29

========================================================================
Received Import Request.
  Time since last request: 0.000026 seconds.
  path: Assets/Scene3Assets/BASE-Link/Hero of the Sky Set/materials/Mt_Mant_B.mat
  artifactKey: Guid(6a68b3d1a4fad4e6b897e69f7fd128c7) Importer(815301076,1909f56bfc062723c751e8b465ee728b)
Start importing Assets/Scene3Assets/BASE-Link/Hero of the Sky Set/materials/Mt_Mant_B.mat using Guid(6a68b3d1a4fad4e6b897e69f7fd128c7) Importer(815301076,1909f56bfc062723c751e8b465ee728b) (PreviewImporter) -> (artifact id: 'e9d389c0eda4a1080fb899217eb520cd') in 0.0129467 seconds
Number of updated asset objects reloaded before import = 0Number of asset objects unloaded after import = 28

========================================================================
Received Import Request.
  Time since last request: 30.435954 seconds.
  path: Assets/Scene3Assets/BASE-Link/Wii U - The Legend of Zelda Breath of the Wild - Link/materials/Mt_Eyeball_L.mat
  artifactKey: Guid(53bd355ca2307466c87da88a341c6252) Importer(815301076,1909f56bfc062723c751e8b465ee728b)
Start importing Assets/Scene3Assets/BASE-Link/Wii U - The Legend of Zelda Breath of the Wild - Link/materials/Mt_Eyeball_L.mat using Guid(53bd355ca2307466c87da88a341c6252) Importer(815301076,1909f56bfc062723c751e8b465ee728b) (PreviewImporter) -> (artifact id: '3c5f010a2c2a5803edfb77d0b479950b') in 0.0199987 seconds
Number of updated asset objects reloaded before import = 0Number of asset objects unloaded after import = 27

========================================================================
Received Import Request.
  Time since last request: 0.000020 seconds.
  path: Assets/Scene3Assets/BASE-Link/Wii U - The Legend of Zelda Breath of the Wild - Link/materials/Mt_Face.mat
  artifactKey: Guid(2911871f30e334b859dc3a1241f1b952) Importer(815301076,1909f56bfc062723c751e8b465ee728b)
Start importing Assets/Scene3Assets/BASE-Link/Wii U - The Legend of Zelda Breath of the Wild - Link/materials/Mt_Face.mat using Guid(2911871f30e334b859dc3a1241f1b952) Importer(815301076,1909f56bfc062723c751e8b465ee728b) (PreviewImporter) -> (artifact id: 'c5073650b5aa6237aaccbe859b649cc8') in 0.0127227 seconds
Number of updated asset objects reloaded before import = 0Number of asset objects unloaded after import = 27

========================================================================
Received Import Request.
  Time since last request: 0.000020 seconds.
  path: Assets/Scene3Assets/BASE-Link/Wii U - The Legend of Zelda Breath of the Wild - Link/materials/Mt_Face_001.mat
  artifactKey: Guid(855f0b6bc220147e096c42515582460d) Importer(815301076,1909f56bfc062723c751e8b465ee728b)
Start importing Assets/Scene3Assets/BASE-Link/Wii U - The Legend of Zelda Breath of the Wild - Link/materials/Mt_Face_001.mat using Guid(855f0b6bc220147e096c42515582460d) Importer(815301076,1909f56bfc062723c751e8b465ee728b) (PreviewImporter) -> (artifact id: 'f235e59a88997d9c8b73cbb908eec1a2') in 0.0122748 seconds
Number of updated asset objects reloaded before import = 0Number of asset objects unloaded after import = 27

Editor requested this worker to shutdown with reason: Scaling down because of idle timeout
AssetImportWorker is now disconnected from the server
Process exiting
Exiting without the bug reporter. Application will terminate with return code 0