Using pre-set license
Built from '2023.2/release' branch; Version is '2023.2.4f1 (3a7eb0602d92) revision 3833520'; Using compiler version '193431935'; Build Type 'Release'
OS: 'Windows 11  (10.0.22621) 64bit Core' Language: 'en' Physical Memory: 16068 MB
BatchMode: 1, IsHumanControllingUs: 0, StartBugReporterOnCrash: 0, Is64bit: 1, IsPro: 1

COMMAND LINE ARGUMENTS:
C:\Program Files\Unity\Hub\Editor\2023.2.4f1\Editor\Unity.exe
-adb2
-batchMode
-noUpm
-name
AssetImportWorker11
-projectPath
C:/Unity Projects/IntermediateGraphicsTutorials/DemoScenes2
-logFile
Logs/AssetImportWorker11.log
-srvPort
64399
-job-worker-count
9
-background-job-worker-count
8
-asset-garbage-collectors
1
Successfully changed project path to: C:/Unity Projects/IntermediateGraphicsTutorials/DemoScenes2
C:/Unity Projects/IntermediateGraphicsTutorials/DemoScenes2
[UnityMemory] Configuration Parameters - Can be set up in boot.config
    "memorysetup-bucket-allocator-granularity=16"
    "memorysetup-bucket-allocator-bucket-count=8"
    "memorysetup-bucket-allocator-block-size=33554432"
    "memorysetup-bucket-allocator-block-count=8"
    "memorysetup-main-allocator-block-size=16777216"
    "memorysetup-thread-allocator-block-size=16777216"
    "memorysetup-gfx-main-allocator-block-size=16777216"
    "memorysetup-gfx-thread-allocator-block-size=16777216"
    "memorysetup-cache-allocator-block-size=4194304"
    "memorysetup-typetree-allocator-block-size=2097152"
    "memorysetup-profiler-bucket-allocator-granularity=16"
    "memorysetup-profiler-bucket-allocator-bucket-count=8"
    "memorysetup-profiler-bucket-allocator-block-size=33554432"
    "memorysetup-profiler-bucket-allocator-block-count=8"
    "memorysetup-profiler-allocator-block-size=16777216"
    "memorysetup-profiler-editor-allocator-block-size=1048576"
    "memorysetup-temp-allocator-size-main=16777216"
    "memorysetup-job-temp-allocator-block-size=2097152"
    "memorysetup-job-temp-allocator-block-size-background=1048576"
    "memorysetup-job-temp-allocator-reduction-small-platforms=262144"
    "memorysetup-allocator-temp-initial-block-size-main=262144"
    "memorysetup-allocator-temp-initial-block-size-worker=262144"
    "memorysetup-temp-allocator-size-background-worker=32768"
    "memorysetup-temp-allocator-size-job-worker=262144"
    "memorysetup-temp-allocator-size-preload-manager=33554432"
    "memorysetup-temp-allocator-size-nav-mesh-worker=65536"
    "memorysetup-temp-allocator-size-audio-worker=65536"
    "memorysetup-temp-allocator-size-cloud-worker=32768"
    "memorysetup-temp-allocator-size-gi-baking-worker=262144"
    "memorysetup-temp-allocator-size-gi-baking-worker=262144"
    "memorysetup-temp-allocator-size-gi-baking-worker=262144"
    "memorysetup-temp-allocator-size-gi-baking-worker=262144"
    "memorysetup-temp-allocator-size-gfx=262144"
Player connection [28224] Host "[IP] 10.190.12.200 [Port] 0 [Flags] 2 [Guid] 3284093504 [EditorId] 3284093504 [Version] 1048832 [Id] WindowsEditor(7,GreatBrick) [Debug] 1 [PackageName] WindowsEditor [ProjectName] Editor" joined multi-casting on [225.0.0.222:54997]...
Player connection [28224] Host "[IP] 10.190.12.200 [Port] 0 [Flags] 2 [Guid] 3284093504 [EditorId] 3284093504 [Version] 1048832 [Id] WindowsEditor(7,GreatBrick) [Debug] 1 [PackageName] WindowsEditor [ProjectName] Editor" joined alternative multi-casting on [225.0.0.222:34997]...
JobSystem: Creating JobQueue using job-worker-count value 9
[Physics::Module] Initialized MultithreadedJobDispatcher with 9 workers.
Library Redirect Path: Library/
Refreshing native plugins compatible for Editor in 0.81 ms, found 3 plugins.
Preloading 0 native plugins for Editor in 0.00 ms.
Initialize engine version: 2023.2.4f1 (3a7eb0602d92)
[Subsystems] Discovering subsystems at path C:/Program Files/Unity/Hub/Editor/2023.2.4f1/Editor/Data/Resources/UnitySubsystems
[Subsystems] Discovering subsystems at path C:/Unity Projects/IntermediateGraphicsTutorials/DemoScenes2/Assets
GfxDevice: creating device client; kGfxThreadingModeNonThreaded
Direct3D:
    Version:  Direct3D 11.0 [level 11.1]
    Renderer: NVIDIA GeForce RTX 3070 Ti Laptop GPU (ID=0x24a0)
    Vendor:   NVIDIA
    VRAM:     8032 MB
    Driver:   31.0.15.3667
Initialize mono
Mono path[0] = 'C:/Program Files/Unity/Hub/Editor/2023.2.4f1/Editor/Data/Managed'
Mono path[1] = 'C:/Program Files/Unity/Hub/Editor/2023.2.4f1/Editor/Data/MonoBleedingEdge/lib/mono/unityjit-win32'
Mono config path = 'C:/Program Files/Unity/Hub/Editor/2023.2.4f1/Editor/Data/MonoBleedingEdge/etc'
Using monoOptions --debugger-agent=transport=dt_socket,embedding=1,server=y,suspend=n,address=127.0.0.1:56976
Begin MonoManager ReloadAssembly
C:\build\output\Unity-Technologies\mono\mono\metadata\icall.c:1842:
C:\build\output\Unity-Technologies\mono\mono\metadata\icall.c:1842:
C:\build\output\Unity-Technologies\mono\mono\metadata\icall.c:1842:
C:\build\output\Unity-Technologies\mono\mono\metadata\icall.c:1842:
C:\build\output\Unity-Technologies\mono\mono\metadata\icall.c:1842:
C:\build\output\Unity-Technologies\mono\mono\metadata\icall.c:1842:
C:\build\output\Unity-Technologies\mono\mono\metadata\icall.c:1842:
C:\build\output\Unity-Technologies\mono\mono\metadata\icall.c:1842:
C:\build\output\Unity-Technologies\mono\mono\metadata\icall.c:1842:
C:\build\output\Unity-Technologies\mono\mono\metadata\icall.c:1842:
Registering precompiled unity dll's ...
Register platform support module: C:/Program Files/Unity/Hub/Editor/2023.2.4f1/Editor/Data/PlaybackEngines/WebGLSupport/UnityEditor.WebGL.Extensions.dll
Register platform support module: C:/Program Files/Unity/Hub/Editor/2023.2.4f1/Editor/Data/PlaybackEngines/WindowsStandaloneSupport/UnityEditor.WindowsStandalone.Extensions.dll
Register platform support module: C:/Program Files/Unity/Hub/Editor/2023.2.4f1/Editor/Data/PlaybackEngines/MetroSupport/UnityEditor.UWP.Extensions.dll
Registered in 0.004391 seconds.
- Loaded All Assemblies, in  0.353 seconds
Native extension for UWP target not found
Native extension for WindowsStandalone target not found
Native extension for WebGL target not found
Mono: successfully reloaded assembly
C:\build\output\Unity-Technologies\mono\mono\metadata\icall.c:1842:
C:\build\output\Unity-Technologies\mono\mono\metadata\icall.c:1842:
- Finished resetting the current domain, in  0.290 seconds
Domain Reload Profiling: 640ms
	BeginReloadAssembly (121ms)
		ExecutionOrderSort (0ms)
		DisableScriptedObjects (0ms)
		BackupInstance (0ms)
		ReleaseScriptingObjects (0ms)
		CreateAndSetChildDomain (1ms)
	RebuildCommonClasses (29ms)
	RebuildNativeTypeToScriptingClass (13ms)
	initialDomainReloadingComplete (48ms)
	LoadAllAssembliesAndSetupDomain (139ms)
		LoadAssemblies (120ms)
		RebuildTransferFunctionScriptingTraits (0ms)
		AnalyzeDomain (137ms)
			TypeCache.Refresh (136ms)
				TypeCache.ScanAssembly (124ms)
			BuildScriptInfoCaches (0ms)
			ResolveRequiredComponents (0ms)
	FinalizeReload (290ms)
		ReleaseScriptCaches (0ms)
		RebuildScriptCaches (0ms)
		SetupLoadedEditorAssemblies (241ms)
			LogAssemblyErrors (0ms)
			InitializePlatformSupportModulesInManaged (9ms)
			SetLoadedEditorAssemblies (4ms)
			BeforeProcessingInitializeOnLoad (7ms)
			ProcessInitializeOnLoadAttributes (181ms)
			ProcessInitializeOnLoadMethodAttributes (40ms)
			AfterProcessingInitializeOnLoad (0ms)
			EditorAssembliesLoaded (0ms)
		ExecutionOrderSort2 (0ms)
		AwakeInstancesAfterBackupRestoration (0ms)
========================================================================
Worker process is ready to serve import requests
Import Worker Mode flag is 0x00
Begin MonoManager ReloadAssembly
C:\build\output\Unity-Technologies\mono\mono\metadata\icall.c:1842:
C:\build\output\Unity-Technologies\mono\mono\metadata\icall.c:1842:
C:\build\output\Unity-Technologies\mono\mono\metadata\icall.c:1842:
C:\build\output\Unity-Technologies\mono\mono\metadata\icall.c:1842:
C:\build\output\Unity-Technologies\mono\mono\metadata\icall.c:1842:
C:\build\output\Unity-Technologies\mono\mono\metadata\icall.c:1842:
C:\build\output\Unity-Technologies\mono\mono\metadata\icall.c:1842:
C:\build\output\Unity-Technologies\mono\mono\metadata\icall.c:1842:
C:\build\output\Unity-Technologies\mono\mono\metadata\icall.c:1842:
C:\build\output\Unity-Technologies\mono\mono\metadata\icall.c:1842:
C:\build\output\Unity-Technologies\mono\mono\metadata\icall.c:1842:
C:\build\output\Unity-Technologies\mono\mono\metadata\icall.c:1842:
Symbol file LoadedFromMemory doesn't match image C:\Unity Projects\IntermediateGraphicsTutorials\DemoScenes2\Library\PackageCache\com.unity.visualscripting@1.8.0\Editor\VisualScripting.Core\Dependencies\YamlDotNet\Unity.VisualScripting.YamlDotNet.dll
Symbol file LoadedFromMemory doesn't match image C:\Unity Projects\IntermediateGraphicsTutorials\DemoScenes2\Library\PackageCache\com.unity.visualscripting@1.8.0\Editor\VisualScripting.Core\Dependencies\DotNetZip\Unity.VisualScripting.IonicZip.dll
- Loaded All Assemblies, in  0.804 seconds
Refreshing native plugins compatible for Editor in 0.39 ms, found 3 plugins.
Native extension for UWP target not found
Native extension for WindowsStandalone target not found
Native extension for WebGL target not found
Mono: successfully reloaded assembly
- Finished resetting the current domain, in  0.592 seconds
Domain Reload Profiling: 1393ms
	BeginReloadAssembly (287ms)
		ExecutionOrderSort (0ms)
		DisableScriptedObjects (4ms)
		BackupInstance (0ms)
		ReleaseScriptingObjects (0ms)
		CreateAndSetChildDomain (24ms)
	RebuildCommonClasses (27ms)
	RebuildNativeTypeToScriptingClass (10ms)
	initialDomainReloadingComplete (30ms)
	LoadAllAssembliesAndSetupDomain (447ms)
		LoadAssemblies (352ms)
		RebuildTransferFunctionScriptingTraits (0ms)
		AnalyzeDomain (174ms)
			TypeCache.Refresh (135ms)
				TypeCache.ScanAssembly (121ms)
			BuildScriptInfoCaches (23ms)
			ResolveRequiredComponents (13ms)
	FinalizeReload (592ms)
		ReleaseScriptCaches (0ms)
		RebuildScriptCaches (0ms)
		SetupLoadedEditorAssemblies (340ms)
			LogAssemblyErrors (0ms)
			InitializePlatformSupportModulesInManaged (2ms)
			SetLoadedEditorAssemblies (2ms)
			BeforeProcessingInitializeOnLoad (37ms)
			ProcessInitializeOnLoadAttributes (268ms)
			ProcessInitializeOnLoadMethodAttributes (26ms)
			AfterProcessingInitializeOnLoad (3ms)
			EditorAssembliesLoaded (0ms)
		ExecutionOrderSort2 (0ms)
		AwakeInstancesAfterBackupRestoration (6ms)
Launched and connected shader compiler UnityShaderCompiler.exe after 0.04 seconds
Refreshing native plugins compatible for Editor in 0.59 ms, found 3 plugins.
Preloading 0 native plugins for Editor in 0.00 ms.
Unloading 195 Unused Serialized files (Serialized files now loaded: 0)
Unloading 5243 unused Assets / (5.9 MB). Loaded Objects now: 5916.
Memory consumption went from 185.4 MB to 179.5 MB.
Total: 6.782900 ms (FindLiveObjects: 0.534200 ms CreateObjectMapping: 0.430500 ms MarkObjects: 3.226000 ms  DeleteObjects: 2.591300 ms)

========================================================================
Received Import Request.
  Time since last request: 451532.560440 seconds.
  path: Assets/Scene3Assets/BASE-Link/Link.prefab
  artifactKey: Guid(8135b8c8eda37fc41aed65254ff770a2) Importer(815301076,1909f56bfc062723c751e8b465ee728b)
Start importing Assets/Scene3Assets/BASE-Link/Link.prefab using Guid(8135b8c8eda37fc41aed65254ff770a2) Importer(815301076,1909f56bfc062723c751e8b465ee728b) (PreviewImporter) -> (artifact id: 'b6995b81e998bdc8efbd8572851ae9ac') in 0.8207917 seconds
Number of updated asset objects reloaded before import = 1Number of asset objects unloaded after import = 668

========================================================================
Received Import Request.
  Time since last request: 0.000031 seconds.
  path: Assets/Scene3Assets/BASE-Link/Hero of the Sky Set/Armor_215_Lower.fbx
  artifactKey: Guid(4e0fcf8a9e50e47869c08b6ab5796b85) Importer(815301076,1909f56bfc062723c751e8b465ee728b)
Start importing Assets/Scene3Assets/BASE-Link/Hero of the Sky Set/Armor_215_Lower.fbx using Guid(4e0fcf8a9e50e47869c08b6ab5796b85) Importer(815301076,1909f56bfc062723c751e8b465ee728b) (PreviewImporter) -> (artifact id: '99c266324986da170356bfb65e73e86d') in 0.0553263 seconds
Number of updated asset objects reloaded before import = 0Number of asset objects unloaded after import = 71

========================================================================
Received Import Request.
  Time since last request: 0.000040 seconds.
  path: Assets/Scene3Assets/BASE-Link/Hero of the Sky Set/Armor_215_Upper.fbx
  artifactKey: Guid(d6ec9dc974d26466982ddd4c55d18d94) Importer(815301076,1909f56bfc062723c751e8b465ee728b)
Start importing Assets/Scene3Assets/BASE-Link/Hero of the Sky Set/Armor_215_Upper.fbx using Guid(d6ec9dc974d26466982ddd4c55d18d94) Importer(815301076,1909f56bfc062723c751e8b465ee728b) (PreviewImporter) -> (artifact id: '968bbd232e396106927b9457e0e92361') in 0.1567274 seconds
Number of updated asset objects reloaded before import = 0Number of asset objects unloaded after import = 277

========================================================================
Received Import Request.
  Time since last request: 0.312965 seconds.
  path: Assets/Scene3Assets/BASE-Link/Hero of the Sky Set/materials/Mt_Hair_215 Variant.mat
  artifactKey: Guid(0ebdc100d9e754392ae909a9d204a9a9) Importer(815301076,1909f56bfc062723c751e8b465ee728b)
Start importing Assets/Scene3Assets/BASE-Link/Hero of the Sky Set/materials/Mt_Hair_215 Variant.mat using Guid(0ebdc100d9e754392ae909a9d204a9a9) Importer(815301076,1909f56bfc062723c751e8b465ee728b) (PreviewImporter) -> (artifact id: '9d6617e638cae9330278a75d48e2f7e9') in 0.0407884 seconds
Number of updated asset objects reloaded before import = 0Number of asset objects unloaded after import = 29

========================================================================
Received Import Request.
  Time since last request: 61.058122 seconds.
  path: Assets/Black.mat
  artifactKey: Guid(8f6c0dfa1e92ad34f84659d217aba67e) Importer(815301076,1909f56bfc062723c751e8b465ee728b)
Start importing Assets/Black.mat using Guid(8f6c0dfa1e92ad34f84659d217aba67e) Importer(815301076,1909f56bfc062723c751e8b465ee728b) (PreviewImporter) -> (artifact id: '6aef12cac23430e90866ce610f5ff756') in 0.0305749 seconds
Number of updated asset objects reloaded before import = 0Number of asset objects unloaded after import = 23

========================================================================
Received Import Request.
  Time since last request: 235.594181 seconds.
  path: Assets/Black.mat
  artifactKey: Guid(8f6c0dfa1e92ad34f84659d217aba67e) Importer(815301076,1909f56bfc062723c751e8b465ee728b)
Start importing Assets/Black.mat using Guid(8f6c0dfa1e92ad34f84659d217aba67e) Importer(815301076,1909f56bfc062723c751e8b465ee728b) (PreviewImporter) -> (artifact id: 'df2a40e30450b590e013656769076dba') in 0.0869758 seconds
Number of updated asset objects reloaded before import = 0Number of asset objects unloaded after import = 22

========================================================================
Received Import Request.
  Time since last request: 141.741152 seconds.
  path: Assets/Scene3Assets/SphereMaterial.mat
  artifactKey: Guid(3344efc929c98e3489d32cbb373030cb) Importer(815301076,1909f56bfc062723c751e8b465ee728b)
Start importing Assets/Scene3Assets/SphereMaterial.mat using Guid(3344efc929c98e3489d32cbb373030cb) Importer(815301076,1909f56bfc062723c751e8b465ee728b) (PreviewImporter) -> (artifact id: 'fec301aeb29748872582cfdcc7c7090f') in 0.4428179 seconds
Number of updated asset objects reloaded before import = 1Number of asset objects unloaded after import = 26

========================================================================
Received Import Request.
  Time since last request: 68.216074 seconds.
  path: Assets/Scene3Assets/BASE-Link/Link.prefab
  artifactKey: Guid(8135b8c8eda37fc41aed65254ff770a2) Importer(815301076,1909f56bfc062723c751e8b465ee728b)
Start importing Assets/Scene3Assets/BASE-Link/Link.prefab using Guid(8135b8c8eda37fc41aed65254ff770a2) Importer(815301076,1909f56bfc062723c751e8b465ee728b) (PreviewImporter) -> (artifact id: '4f07bf45acb7d2c883d84adeff72b025') in 0.0515002 seconds
Number of updated asset objects reloaded before import = 0Number of asset objects unloaded after import = 655

========================================================================
Received Import Request.
  Time since last request: 0.868730 seconds.
  path: Assets/Scene3Assets/BASE-Link/Hero of the Sky Set/Armor_215_Head.fbx
  artifactKey: Guid(17c029a2463c14e86876eaa8e08a4cf1) Importer(815301076,1909f56bfc062723c751e8b465ee728b)
Start importing Assets/Scene3Assets/BASE-Link/Hero of the Sky Set/Armor_215_Head.fbx using Guid(17c029a2463c14e86876eaa8e08a4cf1) Importer(815301076,1909f56bfc062723c751e8b465ee728b) (PreviewImporter) -> (artifact id: 'f2f2c08eeb8ffd92e10540ceb3278fe5') in 0.0661939 seconds
Number of updated asset objects reloaded before import = 0Number of asset objects unloaded after import = 127

========================================================================
Received Import Request.
  Time since last request: 0.000022 seconds.
  path: Assets/Scene3Assets/BASE-Link/Hero of the Sky Set/Armor_215_Upper.fbx
  artifactKey: Guid(d6ec9dc974d26466982ddd4c55d18d94) Importer(815301076,1909f56bfc062723c751e8b465ee728b)
Start importing Assets/Scene3Assets/BASE-Link/Hero of the Sky Set/Armor_215_Upper.fbx using Guid(d6ec9dc974d26466982ddd4c55d18d94) Importer(815301076,1909f56bfc062723c751e8b465ee728b) (PreviewImporter) -> (artifact id: 'c34f0477abb48e58718beb64abaf2ae8') in 0.1850535 seconds
Number of updated asset objects reloaded before import = 0Number of asset objects unloaded after import = 277

========================================================================
Received Import Request.
  Time since last request: 0.484860 seconds.
  path: Assets/Scene3Assets/BASE-Link/Hero of the Sky Set/materials/Mt_Belt_B_215.mat
  artifactKey: Guid(b411b81003e994ea8b4607ebfd71a673) Importer(815301076,1909f56bfc062723c751e8b465ee728b)
Start importing Assets/Scene3Assets/BASE-Link/Hero of the Sky Set/materials/Mt_Belt_B_215.mat using Guid(b411b81003e994ea8b4607ebfd71a673) Importer(815301076,1909f56bfc062723c751e8b465ee728b) (PreviewImporter) -> (artifact id: 'a552eef120705b992f43be21e0fef21b') in 0.0305112 seconds
Number of updated asset objects reloaded before import = 0Number of asset objects unloaded after import = 28

========================================================================
Received Import Request.
  Time since last request: 0.000031 seconds.
  path: Assets/Scene3Assets/BASE-Link/Hero of the Sky Set/materials/Mt_Upper_Skin.mat
  artifactKey: Guid(2a2b96ca2d75547fca7535f314ef02f4) Importer(815301076,1909f56bfc062723c751e8b465ee728b)
Start importing Assets/Scene3Assets/BASE-Link/Hero of the Sky Set/materials/Mt_Upper_Skin.mat using Guid(2a2b96ca2d75547fca7535f314ef02f4) Importer(815301076,1909f56bfc062723c751e8b465ee728b) (PreviewImporter) -> (artifact id: '683289b927b3a7f868552670f4f17091') in 0.0127338 seconds
Number of updated asset objects reloaded before import = 0Number of asset objects unloaded after import = 27

========================================================================
Received Import Request.
  Time since last request: 0.000019 seconds.
  path: Assets/Scene3Assets/BASE-Link/Hero of the Sky Set/materials/Mt_Head_215.mat
  artifactKey: Guid(671ceb45de61a490490633170f77a415) Importer(815301076,1909f56bfc062723c751e8b465ee728b)
Start importing Assets/Scene3Assets/BASE-Link/Hero of the Sky Set/materials/Mt_Head_215.mat using Guid(671ceb45de61a490490633170f77a415) Importer(815301076,1909f56bfc062723c751e8b465ee728b) (PreviewImporter) -> (artifact id: 'df58f4065feb4240e8c8911646f3eb73') in 0.0113312 seconds
Number of updated asset objects reloaded before import = 0Number of asset objects unloaded after import = 28

========================================================================
Received Import Request.
  Time since last request: 0.000109 seconds.
  path: Assets/Scene3Assets/BASE-Link/Hero of the Sky Set/materials/Mt_Mant.mat
  artifactKey: Guid(d91ad56c5d7c84a4b9e1019f935aeb0c) Importer(815301076,1909f56bfc062723c751e8b465ee728b)
Start importing Assets/Scene3Assets/BASE-Link/Hero of the Sky Set/materials/Mt_Mant.mat using Guid(d91ad56c5d7c84a4b9e1019f935aeb0c) Importer(815301076,1909f56bfc062723c751e8b465ee728b) (PreviewImporter) -> (artifact id: '3f0e95e2da9f8392c75a94fe630b598b') in 0.0074516 seconds
Number of updated asset objects reloaded before import = 0Number of asset objects unloaded after import = 28

========================================================================
Received Import Request.
  Time since last request: 0.000025 seconds.
  path: Assets/Scene3Assets/BASE-Link/Hero of the Sky Set/materials/Mt_Mant_B.mat
  artifactKey: Guid(6a68b3d1a4fad4e6b897e69f7fd128c7) Importer(815301076,1909f56bfc062723c751e8b465ee728b)
Start importing Assets/Scene3Assets/BASE-Link/Hero of the Sky Set/materials/Mt_Mant_B.mat using Guid(6a68b3d1a4fad4e6b897e69f7fd128c7) Importer(815301076,1909f56bfc062723c751e8b465ee728b) (PreviewImporter) -> (artifact id: '8e5ef0a8fd6c883a490f7bbe0eeaac32') in 0.008677 seconds
Number of updated asset objects reloaded before import = 0Number of asset objects unloaded after import = 28

========================================================================
Received Import Request.
  Time since last request: 22.699241 seconds.
  path: Assets/Scene3Assets/BASE-Link/Wii U - The Legend of Zelda Breath of the Wild - Link/materials/Mt_Belt_A_001.mat
  artifactKey: Guid(c36f724342dee4b5bbf79fe6c152265c) Importer(815301076,1909f56bfc062723c751e8b465ee728b)
Start importing Assets/Scene3Assets/BASE-Link/Wii U - The Legend of Zelda Breath of the Wild - Link/materials/Mt_Belt_A_001.mat using Guid(c36f724342dee4b5bbf79fe6c152265c) Importer(815301076,1909f56bfc062723c751e8b465ee728b) (PreviewImporter) -> (artifact id: 'd5bdcb64b623945955963ceae576355e') in 0.025029 seconds
Number of updated asset objects reloaded before import = 0Number of asset objects unloaded after import = 27

========================================================================
Received Import Request.
  Time since last request: 0.000025 seconds.
  path: Assets/Scene3Assets/BASE-Link/Wii U - The Legend of Zelda Breath of the Wild - Link/materials/Mt_Lower_Skin.mat
  artifactKey: Guid(51f80d9f389fd423197b6a6159969fbe) Importer(815301076,1909f56bfc062723c751e8b465ee728b)
Start importing Assets/Scene3Assets/BASE-Link/Wii U - The Legend of Zelda Breath of the Wild - Link/materials/Mt_Lower_Skin.mat using Guid(51f80d9f389fd423197b6a6159969fbe) Importer(815301076,1909f56bfc062723c751e8b465ee728b) (PreviewImporter) -> (artifact id: '27c732940774b1e1558d3d1fb54a9df2') in 0.0086725 seconds
Number of updated asset objects reloaded before import = 0Number of asset objects unloaded after import = 27

========================================================================
Received Import Request.
  Time since last request: 0.000022 seconds.
  path: Assets/Scene3Assets/BASE-Link/Wii U - The Legend of Zelda Breath of the Wild - Link/materials/Mt_Face.mat
  artifactKey: Guid(2911871f30e334b859dc3a1241f1b952) Importer(815301076,1909f56bfc062723c751e8b465ee728b)
Start importing Assets/Scene3Assets/BASE-Link/Wii U - The Legend of Zelda Breath of the Wild - Link/materials/Mt_Face.mat using Guid(2911871f30e334b859dc3a1241f1b952) Importer(815301076,1909f56bfc062723c751e8b465ee728b) (PreviewImporter) -> (artifact id: '4682b0026d384cf104163fe6db1ae2a3') in 0.0107355 seconds
Number of updated asset objects reloaded before import = 0Number of asset objects unloaded after import = 27

========================================================================
Received Import Request.
  Time since last request: 0.000021 seconds.
  path: Assets/Scene3Assets/BASE-Link/Wii U - The Legend of Zelda Breath of the Wild - Link/materials/Mt_Upper_Skin.mat
  artifactKey: Guid(82c6d5dba16594b1e90fc8fcdefab8bc) Importer(815301076,1909f56bfc062723c751e8b465ee728b)
Start importing Assets/Scene3Assets/BASE-Link/Wii U - The Legend of Zelda Breath of the Wild - Link/materials/Mt_Upper_Skin.mat using Guid(82c6d5dba16594b1e90fc8fcdefab8bc) Importer(815301076,1909f56bfc062723c751e8b465ee728b) (PreviewImporter) -> (artifact id: '8c889107d21083ee47688f9a4d6a50ea') in 0.0110255 seconds
Number of updated asset objects reloaded before import = 0Number of asset objects unloaded after import = 27

Editor requested this worker to shutdown with reason: Scaling down because of idle timeout
AssetImportWorker is now disconnected from the server
Process exiting
Exiting without the bug reporter. Application will terminate with return code 0