Using pre-set license
Built from '2023.2/release' branch; Version is '2023.2.4f1 (3a7eb0602d92) revision 3833520'; Using compiler version '193431935'; Build Type 'Release'
OS: 'Windows 11  (10.0.22631) 64bit Core' Language: 'en' Physical Memory: 16068 MB
BatchMode: 1, IsHumanControllingUs: 0, StartBugReporterOnCrash: 0, Is64bit: 1, IsPro: 1

COMMAND LINE ARGUMENTS:
C:\Program Files\Unity\Hub\Editor\2023.2.4f1\Editor\Unity.exe
-adb2
-batchMode
-noUpm
-name
AssetImportWorker0
-projectPath
C:/Unity Projects/IntermediateGraphicsTutorials/DemoScenes2
-logFile
Logs/AssetImportWorker0.log
-srvPort
57269
-job-worker-count
9
-background-job-worker-count
8
-asset-garbage-collectors
1
Successfully changed project path to: C:/Unity Projects/IntermediateGraphicsTutorials/DemoScenes2
C:/Unity Projects/IntermediateGraphicsTutorials/DemoScenes2
[UnityMemory] Configuration Parameters - Can be set up in boot.config
    "memorysetup-bucket-allocator-granularity=16"
    "memorysetup-bucket-allocator-bucket-count=8"
    "memorysetup-bucket-allocator-block-size=33554432"
    "memorysetup-bucket-allocator-block-count=8"
    "memorysetup-main-allocator-block-size=16777216"
    "memorysetup-thread-allocator-block-size=16777216"
    "memorysetup-gfx-main-allocator-block-size=16777216"
    "memorysetup-gfx-thread-allocator-block-size=16777216"
    "memorysetup-cache-allocator-block-size=4194304"
    "memorysetup-typetree-allocator-block-size=2097152"
    "memorysetup-profiler-bucket-allocator-granularity=16"
    "memorysetup-profiler-bucket-allocator-bucket-count=8"
    "memorysetup-profiler-bucket-allocator-block-size=33554432"
    "memorysetup-profiler-bucket-allocator-block-count=8"
    "memorysetup-profiler-allocator-block-size=16777216"
    "memorysetup-profiler-editor-allocator-block-size=1048576"
    "memorysetup-temp-allocator-size-main=16777216"
    "memorysetup-job-temp-allocator-block-size=2097152"
    "memorysetup-job-temp-allocator-block-size-background=1048576"
    "memorysetup-job-temp-allocator-reduction-small-platforms=262144"
    "memorysetup-allocator-temp-initial-block-size-main=262144"
    "memorysetup-allocator-temp-initial-block-size-worker=262144"
    "memorysetup-temp-allocator-size-background-worker=32768"
    "memorysetup-temp-allocator-size-job-worker=262144"
    "memorysetup-temp-allocator-size-preload-manager=33554432"
    "memorysetup-temp-allocator-size-nav-mesh-worker=65536"
    "memorysetup-temp-allocator-size-audio-worker=65536"
    "memorysetup-temp-allocator-size-cloud-worker=32768"
    "memorysetup-temp-allocator-size-gi-baking-worker=262144"
    "memorysetup-temp-allocator-size-gi-baking-worker=262144"
    "memorysetup-temp-allocator-size-gi-baking-worker=262144"
    "memorysetup-temp-allocator-size-gi-baking-worker=262144"
    "memorysetup-temp-allocator-size-gfx=262144"
Player connection [35616] Host "[IP] 10.10.13.190 [Port] 0 [Flags] 2 [Guid] 4254526448 [EditorId] 4254526448 [Version] 1048832 [Id] WindowsEditor(7,GreatBrick) [Debug] 1 [PackageName] WindowsEditor [ProjectName] Editor" joined multi-casting on [225.0.0.222:54997]...
Player connection [35616] Host "[IP] 10.10.13.190 [Port] 0 [Flags] 2 [Guid] 4254526448 [EditorId] 4254526448 [Version] 1048832 [Id] WindowsEditor(7,GreatBrick) [Debug] 1 [PackageName] WindowsEditor [ProjectName] Editor" joined alternative multi-casting on [225.0.0.222:34997]...
JobSystem: Creating JobQueue using job-worker-count value 9
[Physics::Module] Initialized MultithreadedJobDispatcher with 9 workers.
Library Redirect Path: Library/
Refreshing native plugins compatible for Editor in 0.95 ms, found 3 plugins.
Preloading 0 native plugins for Editor in 0.00 ms.
Initialize engine version: 2023.2.4f1 (3a7eb0602d92)
[Subsystems] Discovering subsystems at path C:/Program Files/Unity/Hub/Editor/2023.2.4f1/Editor/Data/Resources/UnitySubsystems
[Subsystems] Discovering subsystems at path C:/Unity Projects/IntermediateGraphicsTutorials/DemoScenes2/Assets
GfxDevice: creating device client; kGfxThreadingModeNonThreaded
Direct3D:
    Version:  Direct3D 11.0 [level 11.1]
    Renderer: NVIDIA GeForce RTX 3070 Ti Laptop GPU (ID=0x24a0)
    Vendor:   NVIDIA
    VRAM:     8032 MB
    Driver:   31.0.15.3667
Initialize mono
Mono path[0] = 'C:/Program Files/Unity/Hub/Editor/2023.2.4f1/Editor/Data/Managed'
Mono path[1] = 'C:/Program Files/Unity/Hub/Editor/2023.2.4f1/Editor/Data/MonoBleedingEdge/lib/mono/unityjit-win32'
Mono config path = 'C:/Program Files/Unity/Hub/Editor/2023.2.4f1/Editor/Data/MonoBleedingEdge/etc'
Using monoOptions --debugger-agent=transport=dt_socket,embedding=1,server=y,suspend=n,address=127.0.0.1:56464
Begin MonoManager ReloadAssembly
C:\build\output\Unity-Technologies\mono\mono\metadata\icall.c:1842:
C:\build\output\Unity-Technologies\mono\mono\metadata\icall.c:1842:
C:\build\output\Unity-Technologies\mono\mono\metadata\icall.c:1842:
C:\build\output\Unity-Technologies\mono\mono\metadata\icall.c:1842:
C:\build\output\Unity-Technologies\mono\mono\metadata\icall.c:1842:
C:\build\output\Unity-Technologies\mono\mono\metadata\icall.c:1842:
C:\build\output\Unity-Technologies\mono\mono\metadata\icall.c:1842:
C:\build\output\Unity-Technologies\mono\mono\metadata\icall.c:1842:
C:\build\output\Unity-Technologies\mono\mono\metadata\icall.c:1842:
C:\build\output\Unity-Technologies\mono\mono\metadata\icall.c:1842:
Registering precompiled unity dll's ...
Register platform support module: C:/Program Files/Unity/Hub/Editor/2023.2.4f1/Editor/Data/PlaybackEngines/WebGLSupport/UnityEditor.WebGL.Extensions.dll
Register platform support module: C:/Program Files/Unity/Hub/Editor/2023.2.4f1/Editor/Data/PlaybackEngines/WindowsStandaloneSupport/UnityEditor.WindowsStandalone.Extensions.dll
Register platform support module: C:/Program Files/Unity/Hub/Editor/2023.2.4f1/Editor/Data/PlaybackEngines/MetroSupport/UnityEditor.UWP.Extensions.dll
Registered in 0.020456 seconds.
- Loaded All Assemblies, in  0.493 seconds
Native extension for UWP target not found
Native extension for WindowsStandalone target not found
Native extension for WebGL target not found
Mono: successfully reloaded assembly
C:\build\output\Unity-Technologies\mono\mono\metadata\icall.c:1842:
C:\build\output\Unity-Technologies\mono\mono\metadata\icall.c:1842:
- Finished resetting the current domain, in  0.309 seconds
Domain Reload Profiling: 800ms
	BeginReloadAssembly (187ms)
		ExecutionOrderSort (0ms)
		DisableScriptedObjects (0ms)
		BackupInstance (0ms)
		ReleaseScriptingObjects (0ms)
		CreateAndSetChildDomain (2ms)
	RebuildCommonClasses (41ms)
	RebuildNativeTypeToScriptingClass (11ms)
	initialDomainReloadingComplete (73ms)
	LoadAllAssembliesAndSetupDomain (179ms)
		LoadAssemblies (182ms)
		RebuildTransferFunctionScriptingTraits (0ms)
		AnalyzeDomain (176ms)
			TypeCache.Refresh (175ms)
				TypeCache.ScanAssembly (158ms)
			BuildScriptInfoCaches (0ms)
			ResolveRequiredComponents (0ms)
	FinalizeReload (309ms)
		ReleaseScriptCaches (0ms)
		RebuildScriptCaches (0ms)
		SetupLoadedEditorAssemblies (252ms)
			LogAssemblyErrors (0ms)
			InitializePlatformSupportModulesInManaged (10ms)
			SetLoadedEditorAssemblies (6ms)
			BeforeProcessingInitializeOnLoad (9ms)
			ProcessInitializeOnLoadAttributes (184ms)
			ProcessInitializeOnLoadMethodAttributes (42ms)
			AfterProcessingInitializeOnLoad (0ms)
			EditorAssembliesLoaded (0ms)
		ExecutionOrderSort2 (0ms)
		AwakeInstancesAfterBackupRestoration (0ms)
========================================================================
Worker process is ready to serve import requests
Import Worker Mode flag is 0x00
Begin MonoManager ReloadAssembly
C:\build\output\Unity-Technologies\mono\mono\metadata\icall.c:1842:
C:\build\output\Unity-Technologies\mono\mono\metadata\icall.c:1842:
C:\build\output\Unity-Technologies\mono\mono\metadata\icall.c:1842:
C:\build\output\Unity-Technologies\mono\mono\metadata\icall.c:1842:
C:\build\output\Unity-Technologies\mono\mono\metadata\icall.c:1842:
C:\build\output\Unity-Technologies\mono\mono\metadata\icall.c:1842:
C:\build\output\Unity-Technologies\mono\mono\metadata\icall.c:1842:
C:\build\output\Unity-Technologies\mono\mono\metadata\icall.c:1842:
C:\build\output\Unity-Technologies\mono\mono\metadata\icall.c:1842:
C:\build\output\Unity-Technologies\mono\mono\metadata\icall.c:1842:
C:\build\output\Unity-Technologies\mono\mono\metadata\icall.c:1842:
C:\build\output\Unity-Technologies\mono\mono\metadata\icall.c:1842:
Symbol file LoadedFromMemory doesn't match image C:\Unity Projects\IntermediateGraphicsTutorials\DemoScenes2\Library\PackageCache\com.unity.visualscripting@1.8.0\Editor\VisualScripting.Core\Dependencies\YamlDotNet\Unity.VisualScripting.YamlDotNet.dll
Symbol file LoadedFromMemory doesn't match image C:\Unity Projects\IntermediateGraphicsTutorials\DemoScenes2\Library\PackageCache\com.unity.visualscripting@1.8.0\Editor\VisualScripting.Core\Dependencies\DotNetZip\Unity.VisualScripting.IonicZip.dll
- Loaded All Assemblies, in  0.943 seconds
Refreshing native plugins compatible for Editor in 0.46 ms, found 3 plugins.
Native extension for UWP target not found
Native extension for WindowsStandalone target not found
Native extension for WebGL target not found
Mono: successfully reloaded assembly
- Finished resetting the current domain, in  0.736 seconds
Domain Reload Profiling: 1675ms
	BeginReloadAssembly (344ms)
		ExecutionOrderSort (0ms)
		DisableScriptedObjects (6ms)
		BackupInstance (0ms)
		ReleaseScriptingObjects (0ms)
		CreateAndSetChildDomain (34ms)
	RebuildCommonClasses (37ms)
	RebuildNativeTypeToScriptingClass (13ms)
	initialDomainReloadingComplete (45ms)
	LoadAllAssembliesAndSetupDomain (499ms)
		LoadAssemblies (366ms)
		RebuildTransferFunctionScriptingTraits (0ms)
		AnalyzeDomain (237ms)
			TypeCache.Refresh (190ms)
				TypeCache.ScanAssembly (174ms)
			BuildScriptInfoCaches (33ms)
			ResolveRequiredComponents (11ms)
	FinalizeReload (736ms)
		ReleaseScriptCaches (0ms)
		RebuildScriptCaches (0ms)
		SetupLoadedEditorAssemblies (444ms)
			LogAssemblyErrors (0ms)
			InitializePlatformSupportModulesInManaged (3ms)
			SetLoadedEditorAssemblies (3ms)
			BeforeProcessingInitializeOnLoad (53ms)
			ProcessInitializeOnLoadAttributes (340ms)
			ProcessInitializeOnLoadMethodAttributes (39ms)
			AfterProcessingInitializeOnLoad (5ms)
			EditorAssembliesLoaded (0ms)
		ExecutionOrderSort2 (0ms)
		AwakeInstancesAfterBackupRestoration (7ms)
Launched and connected shader compiler UnityShaderCompiler.exe after 0.01 seconds
Refreshing native plugins compatible for Editor in 0.92 ms, found 3 plugins.
Preloading 0 native plugins for Editor in 0.00 ms.
Unloading 214 Unused Serialized files (Serialized files now loaded: 0)
Unloading 5828 unused Assets / (6.9 MB). Loaded Objects now: 6535.
Memory consumption went from 197.2 MB to 190.3 MB.
Total: 10.650700 ms (FindLiveObjects: 0.764200 ms CreateObjectMapping: 1.018500 ms MarkObjects: 5.272200 ms  DeleteObjects: 3.594100 ms)

========================================================================
Received Import Request.
  Time since last request: 153329.551528 seconds.
  path: Assets/Scene7Assets/PurpleVortex1.vfx
  artifactKey: Guid(73cc78d9b4a8b654fb2ee695af852361) Importer(815301076,1909f56bfc062723c751e8b465ee728b)
Start importing Assets/Scene7Assets/PurpleVortex1.vfx using Guid(73cc78d9b4a8b654fb2ee695af852361) Importer(815301076,1909f56bfc062723c751e8b465ee728b) (PreviewImporter) -> (artifact id: '14f245367988cd6c17d3d1a40744e274') in 0.0447769 seconds
Number of updated asset objects reloaded before import = 0Number of asset objects unloaded after import = 5

========================================================================
Received Import Request.
  Time since last request: 14.185529 seconds.
  path: Assets/Scene7Assets/PurpleVortex1.vfx
  artifactKey: Guid(73cc78d9b4a8b654fb2ee695af852361) Importer(815301076,1909f56bfc062723c751e8b465ee728b)
Start importing Assets/Scene7Assets/PurpleVortex1.vfx using Guid(73cc78d9b4a8b654fb2ee695af852361) Importer(815301076,1909f56bfc062723c751e8b465ee728b) (PreviewImporter) -> (artifact id: '95fae3e3ea55ec1ba315794aa69fa858') in 0.0048112 seconds
Number of updated asset objects reloaded before import = 1Number of asset objects unloaded after import = 5

========================================================================
Received Import Request.
  Time since last request: 1606.877862 seconds.
  path: Assets/Scene7Assets/PurpleVortex2.vfx
  artifactKey: Guid(de39e940aa55f384081f008e1ac41e72) Importer(815301076,1909f56bfc062723c751e8b465ee728b)
Start importing Assets/Scene7Assets/PurpleVortex2.vfx using Guid(de39e940aa55f384081f008e1ac41e72) Importer(815301076,1909f56bfc062723c751e8b465ee728b) (PreviewImporter) -> (artifact id: '2cefb415481ae27449a9ab8a5b9ec63d') in 0.0091033 seconds
Number of updated asset objects reloaded before import = 2Number of asset objects unloaded after import = 8

========================================================================
Received Import Request.
  Time since last request: 104.874843 seconds.
  path: Assets/Scene7Assets/PurpleVortex2.vfx
  artifactKey: Guid(de39e940aa55f384081f008e1ac41e72) Importer(815301076,1909f56bfc062723c751e8b465ee728b)
Start importing Assets/Scene7Assets/PurpleVortex2.vfx using Guid(de39e940aa55f384081f008e1ac41e72) Importer(815301076,1909f56bfc062723c751e8b465ee728b) (PreviewImporter) -> (artifact id: 'a5bb91060108b3b9abf980f78d51fe38') in 0.0042644 seconds
Number of updated asset objects reloaded before import = 2Number of asset objects unloaded after import = 8

========================================================================
Received Import Request.
  Time since last request: 48.033942 seconds.
  path: Assets/Scene7Assets/PurpleVortex2.vfx
  artifactKey: Guid(de39e940aa55f384081f008e1ac41e72) Importer(815301076,1909f56bfc062723c751e8b465ee728b)
Start importing Assets/Scene7Assets/PurpleVortex2.vfx using Guid(de39e940aa55f384081f008e1ac41e72) Importer(815301076,1909f56bfc062723c751e8b465ee728b) (PreviewImporter) -> (artifact id: 'e124d98b0b11c1185cecdf11e9cef926') in 0.0056258 seconds
Number of updated asset objects reloaded before import = 2Number of asset objects unloaded after import = 8

========================================================================
Received Import Request.
  Time since last request: 2.271149 seconds.
  path: Assets/Scene7Assets/PurpleVortex2.vfx
  artifactKey: Guid(de39e940aa55f384081f008e1ac41e72) Importer(815301076,1909f56bfc062723c751e8b465ee728b)
Start importing Assets/Scene7Assets/PurpleVortex2.vfx using Guid(de39e940aa55f384081f008e1ac41e72) Importer(815301076,1909f56bfc062723c751e8b465ee728b) (PreviewImporter) -> (artifact id: '71d79c1239564ae24b82b0842a7ec3e7') in 0.004853 seconds
Number of updated asset objects reloaded before import = 2Number of asset objects unloaded after import = 8

========================================================================
Received Import Request.
  Time since last request: 26.150953 seconds.
  path: Assets/Scene7Assets/PurpleVortex2.vfx
  artifactKey: Guid(de39e940aa55f384081f008e1ac41e72) Importer(815301076,1909f56bfc062723c751e8b465ee728b)
Start importing Assets/Scene7Assets/PurpleVortex2.vfx using Guid(de39e940aa55f384081f008e1ac41e72) Importer(815301076,1909f56bfc062723c751e8b465ee728b) (PreviewImporter) -> (artifact id: '3e30846ac2cb69a4b778b7c53381e9c2') in 0.0033942 seconds
Number of updated asset objects reloaded before import = 2Number of asset objects unloaded after import = 8

========================================================================
Received Import Request.
  Time since last request: 71.648886 seconds.
  path: Assets/Scene7Assets/PurpleVortex2.vfx
  artifactKey: Guid(de39e940aa55f384081f008e1ac41e72) Importer(815301076,1909f56bfc062723c751e8b465ee728b)
Start importing Assets/Scene7Assets/PurpleVortex2.vfx using Guid(de39e940aa55f384081f008e1ac41e72) Importer(815301076,1909f56bfc062723c751e8b465ee728b) (PreviewImporter) -> (artifact id: 'e8047df653f60db1b2fe4f03ad468ea9') in 0.0065939 seconds
Number of updated asset objects reloaded before import = 2Number of asset objects unloaded after import = 8

========================================================================
Received Import Request.
  Time since last request: 7.629968 seconds.
  path: Assets/Scene7Assets/PurpleVortex2.vfx
  artifactKey: Guid(de39e940aa55f384081f008e1ac41e72) Importer(815301076,1909f56bfc062723c751e8b465ee728b)
Start importing Assets/Scene7Assets/PurpleVortex2.vfx using Guid(de39e940aa55f384081f008e1ac41e72) Importer(815301076,1909f56bfc062723c751e8b465ee728b) (PreviewImporter) -> (artifact id: '8419356072d9c4a5fcb33a97325c4342') in 0.0039523 seconds
Number of updated asset objects reloaded before import = 2Number of asset objects unloaded after import = 8

========================================================================
Received Import Request.
  Time since last request: 1.733827 seconds.
  path: Assets/Scene7Assets/PurpleVortex2.vfx
  artifactKey: Guid(de39e940aa55f384081f008e1ac41e72) Importer(815301076,1909f56bfc062723c751e8b465ee728b)
Start importing Assets/Scene7Assets/PurpleVortex2.vfx using Guid(de39e940aa55f384081f008e1ac41e72) Importer(815301076,1909f56bfc062723c751e8b465ee728b) (PreviewImporter) -> (artifact id: 'b9a42334474f43e8df86e6842b0197a7') in 0.0049368 seconds
Number of updated asset objects reloaded before import = 2Number of asset objects unloaded after import = 8

========================================================================
Received Import Request.
  Time since last request: 10571.069939 seconds.
  path: Assets/Scene7Assets/PurpleVortex2.vfx
  artifactKey: Guid(de39e940aa55f384081f008e1ac41e72) Importer(815301076,1909f56bfc062723c751e8b465ee728b)
Start importing Assets/Scene7Assets/PurpleVortex2.vfx using Guid(de39e940aa55f384081f008e1ac41e72) Importer(815301076,1909f56bfc062723c751e8b465ee728b) (PreviewImporter) -> (artifact id: '7c949f7c320cc225571c21a4be4ef0ff') in 0.0305378 seconds
Number of updated asset objects reloaded before import = 2Number of asset objects unloaded after import = 8

========================================================================
Received Import Request.
  Time since last request: 2.846469 seconds.
  path: Assets/Scene7Assets/PurpleVortex2.vfx
  artifactKey: Guid(de39e940aa55f384081f008e1ac41e72) Importer(815301076,1909f56bfc062723c751e8b465ee728b)
Start importing Assets/Scene7Assets/PurpleVortex2.vfx using Guid(de39e940aa55f384081f008e1ac41e72) Importer(815301076,1909f56bfc062723c751e8b465ee728b) (PreviewImporter) -> (artifact id: '316d6d83ac9bc771b7ec1f987c98d429') in 0.0055588 seconds
Number of updated asset objects reloaded before import = 2Number of asset objects unloaded after import = 8

========================================================================
Received Import Request.
  Time since last request: 49.162898 seconds.
  path: Assets/Scene7Assets/PurpleVortex2.vfx
  artifactKey: Guid(de39e940aa55f384081f008e1ac41e72) Importer(815301076,1909f56bfc062723c751e8b465ee728b)
Start importing Assets/Scene7Assets/PurpleVortex2.vfx using Guid(de39e940aa55f384081f008e1ac41e72) Importer(815301076,1909f56bfc062723c751e8b465ee728b) (PreviewImporter) -> (artifact id: '9347f327de88c6958335c6711dd3df06') in 0.0047238 seconds
Number of updated asset objects reloaded before import = 2Number of asset objects unloaded after import = 8

========================================================================
Received Import Request.
  Time since last request: 93.027375 seconds.
  path: Assets/Scene7Assets/PurpleVortex2.vfx
  artifactKey: Guid(de39e940aa55f384081f008e1ac41e72) Importer(815301076,1909f56bfc062723c751e8b465ee728b)
Start importing Assets/Scene7Assets/PurpleVortex2.vfx using Guid(de39e940aa55f384081f008e1ac41e72) Importer(815301076,1909f56bfc062723c751e8b465ee728b) (PreviewImporter) -> (artifact id: '6337406897a51bac9eb8cbfa84b77830') in 0.0037406 seconds
Number of updated asset objects reloaded before import = 2Number of asset objects unloaded after import = 8

========================================================================
Received Import Request.
  Time since last request: 4.376214 seconds.
  path: Assets/Scene7Assets/PurpleVortex2.vfx
  artifactKey: Guid(de39e940aa55f384081f008e1ac41e72) Importer(815301076,1909f56bfc062723c751e8b465ee728b)
Start importing Assets/Scene7Assets/PurpleVortex2.vfx using Guid(de39e940aa55f384081f008e1ac41e72) Importer(815301076,1909f56bfc062723c751e8b465ee728b) (PreviewImporter) -> (artifact id: 'fcb83582e107360fd9d94d88ae519c26') in 0.0050745 seconds
Number of updated asset objects reloaded before import = 2Number of asset objects unloaded after import = 8

========================================================================
Received Import Request.
  Time since last request: 203.619841 seconds.
  path: Assets/Scene7Assets/PurpleVortex1.vfx
  artifactKey: Guid(73cc78d9b4a8b654fb2ee695af852361) Importer(815301076,1909f56bfc062723c751e8b465ee728b)
Start importing Assets/Scene7Assets/PurpleVortex1.vfx using Guid(73cc78d9b4a8b654fb2ee695af852361) Importer(815301076,1909f56bfc062723c751e8b465ee728b) (PreviewImporter) -> (artifact id: '50bd3a62c6bbad45ad2b5df15acea208') in 0.0057945 seconds
Number of updated asset objects reloaded before import = 3Number of asset objects unloaded after import = 5

========================================================================
Received Import Request.
  Time since last request: 57.003711 seconds.
  path: Assets/Scene7Assets/PurpleVortex1.vfx
  artifactKey: Guid(73cc78d9b4a8b654fb2ee695af852361) Importer(815301076,1909f56bfc062723c751e8b465ee728b)
Start importing Assets/Scene7Assets/PurpleVortex1.vfx using Guid(73cc78d9b4a8b654fb2ee695af852361) Importer(815301076,1909f56bfc062723c751e8b465ee728b) (PreviewImporter) -> (artifact id: '7f55768554b129c2cbf704724106e1ae') in 0.0043426 seconds
Number of updated asset objects reloaded before import = 1Number of asset objects unloaded after import = 5

========================================================================
Received Import Request.
  Time since last request: 2.498181 seconds.
  path: Assets/Scene7Assets/PurpleVortex1.vfx
  artifactKey: Guid(73cc78d9b4a8b654fb2ee695af852361) Importer(815301076,1909f56bfc062723c751e8b465ee728b)
Start importing Assets/Scene7Assets/PurpleVortex1.vfx using Guid(73cc78d9b4a8b654fb2ee695af852361) Importer(815301076,1909f56bfc062723c751e8b465ee728b) (PreviewImporter) -> (artifact id: 'e6a22110d0a7ed859fa6326d9db54691') in 0.0046286 seconds
Number of updated asset objects reloaded before import = 1Number of asset objects unloaded after import = 5

========================================================================
Received Import Request.
  Time since last request: 15.640865 seconds.
  path: Assets/Scene7Assets/PurpleVortex1.vfx
  artifactKey: Guid(73cc78d9b4a8b654fb2ee695af852361) Importer(815301076,1909f56bfc062723c751e8b465ee728b)
Start importing Assets/Scene7Assets/PurpleVortex1.vfx using Guid(73cc78d9b4a8b654fb2ee695af852361) Importer(815301076,1909f56bfc062723c751e8b465ee728b) (PreviewImporter) -> (artifact id: 'fdda8796bd95dd8bc14f6854eef62044') in 0.0043328 seconds
Number of updated asset objects reloaded before import = 1Number of asset objects unloaded after import = 5

========================================================================
Received Import Request.
  Time since last request: 1.431296 seconds.
  path: Assets/Scene7Assets/PurpleVortex1.vfx
  artifactKey: Guid(73cc78d9b4a8b654fb2ee695af852361) Importer(815301076,1909f56bfc062723c751e8b465ee728b)
Start importing Assets/Scene7Assets/PurpleVortex1.vfx using Guid(73cc78d9b4a8b654fb2ee695af852361) Importer(815301076,1909f56bfc062723c751e8b465ee728b) (PreviewImporter) -> (artifact id: '4506c25d07de5b40f82028398bf6cbb4') in 0.0050365 seconds
Number of updated asset objects reloaded before import = 1Number of asset objects unloaded after import = 5

========================================================================
Received Import Request.
  Time since last request: 69.476114 seconds.
  path: Assets/Scene7Assets/PurpleVortex1.vfx
  artifactKey: Guid(73cc78d9b4a8b654fb2ee695af852361) Importer(815301076,1909f56bfc062723c751e8b465ee728b)
Start importing Assets/Scene7Assets/PurpleVortex1.vfx using Guid(73cc78d9b4a8b654fb2ee695af852361) Importer(815301076,1909f56bfc062723c751e8b465ee728b) (PreviewImporter) -> (artifact id: '2c0bd8522417663afe37533b690cd4c2') in 0.0039211 seconds
Number of updated asset objects reloaded before import = 1Number of asset objects unloaded after import = 5

========================================================================
Received Import Request.
  Time since last request: 6.855287 seconds.
  path: Assets/Scene7Assets/PurpleVortex1.vfx
  artifactKey: Guid(73cc78d9b4a8b654fb2ee695af852361) Importer(815301076,1909f56bfc062723c751e8b465ee728b)
Start importing Assets/Scene7Assets/PurpleVortex1.vfx using Guid(73cc78d9b4a8b654fb2ee695af852361) Importer(815301076,1909f56bfc062723c751e8b465ee728b) (PreviewImporter) -> (artifact id: '0ed177bb61c6fb7270704e4380e5e973') in 0.0027708 seconds
Number of updated asset objects reloaded before import = 1Number of asset objects unloaded after import = 5

========================================================================
Received Import Request.
  Time since last request: 1.617311 seconds.
  path: Assets/Scene7Assets/PurpleVortex1.vfx
  artifactKey: Guid(73cc78d9b4a8b654fb2ee695af852361) Importer(815301076,1909f56bfc062723c751e8b465ee728b)
Start importing Assets/Scene7Assets/PurpleVortex1.vfx using Guid(73cc78d9b4a8b654fb2ee695af852361) Importer(815301076,1909f56bfc062723c751e8b465ee728b) (PreviewImporter) -> (artifact id: 'a3473451b1dbf57089cce46ecc0e41a1') in 0.0034537 seconds
Number of updated asset objects reloaded before import = 1Number of asset objects unloaded after import = 5

========================================================================
Received Import Request.
  Time since last request: 1.678111 seconds.
  path: Assets/Scene7Assets/PurpleVortex1.vfx
  artifactKey: Guid(73cc78d9b4a8b654fb2ee695af852361) Importer(815301076,1909f56bfc062723c751e8b465ee728b)
Start importing Assets/Scene7Assets/PurpleVortex1.vfx using Guid(73cc78d9b4a8b654fb2ee695af852361) Importer(815301076,1909f56bfc062723c751e8b465ee728b) (PreviewImporter) -> (artifact id: '0cf6da44530735b4057f7d050f14490e') in 0.0033007 seconds
Number of updated asset objects reloaded before import = 1Number of asset objects unloaded after import = 5

========================================================================
Received Import Request.
  Time since last request: 51.676335 seconds.
  path: Assets/Scene7Assets/PurpleVortex1.vfx
  artifactKey: Guid(73cc78d9b4a8b654fb2ee695af852361) Importer(815301076,1909f56bfc062723c751e8b465ee728b)
Start importing Assets/Scene7Assets/PurpleVortex1.vfx using Guid(73cc78d9b4a8b654fb2ee695af852361) Importer(815301076,1909f56bfc062723c751e8b465ee728b) (PreviewImporter) -> (artifact id: '85db91d334666616b7c969e13da468a0') in 0.004301 seconds
Number of updated asset objects reloaded before import = 1Number of asset objects unloaded after import = 5

========================================================================
Received Import Request.
  Time since last request: 1.413010 seconds.
  path: Assets/Scene7Assets/PurpleVortex1.vfx
  artifactKey: Guid(73cc78d9b4a8b654fb2ee695af852361) Importer(815301076,1909f56bfc062723c751e8b465ee728b)
Start importing Assets/Scene7Assets/PurpleVortex1.vfx using Guid(73cc78d9b4a8b654fb2ee695af852361) Importer(815301076,1909f56bfc062723c751e8b465ee728b) (PreviewImporter) -> (artifact id: '598c7f189bedb85d9340c8b62492c98d') in 0.0038391 seconds
Number of updated asset objects reloaded before import = 1Number of asset objects unloaded after import = 5

========================================================================
Received Import Request.
  Time since last request: 12.684722 seconds.
  path: Assets/Scene7Assets/PurpleVortex1.vfx
  artifactKey: Guid(73cc78d9b4a8b654fb2ee695af852361) Importer(815301076,1909f56bfc062723c751e8b465ee728b)
Start importing Assets/Scene7Assets/PurpleVortex1.vfx using Guid(73cc78d9b4a8b654fb2ee695af852361) Importer(815301076,1909f56bfc062723c751e8b465ee728b) (PreviewImporter) -> (artifact id: '6b20928b7f3cf89dbbecfa24c68ba66b') in 0.0042985 seconds
Number of updated asset objects reloaded before import = 1Number of asset objects unloaded after import = 5

========================================================================
Received Import Request.
  Time since last request: 2.745670 seconds.
  path: Assets/Scene7Assets/PurpleVortex1.vfx
  artifactKey: Guid(73cc78d9b4a8b654fb2ee695af852361) Importer(815301076,1909f56bfc062723c751e8b465ee728b)
Start importing Assets/Scene7Assets/PurpleVortex1.vfx using Guid(73cc78d9b4a8b654fb2ee695af852361) Importer(815301076,1909f56bfc062723c751e8b465ee728b) (PreviewImporter) -> (artifact id: '122036b1b957a2ff427bfbd18eb3a11c') in 0.0039574 seconds
Number of updated asset objects reloaded before import = 1Number of asset objects unloaded after import = 5

